{"D:\\MyCode\\jx3box-api-sdk\\src\\client\\index.ts": {"path":"D:\\MyCode\\jx3box-api-sdk\\src\\client\\index.ts","statementMap":{},"fnMap":{},"branchMap":{},"s":{},"f":{},"b":{}}
,"D:\\MyCode\\jx3box-api-sdk\\src\\client\\axios\\service.ts": {"path":"D:\\MyCode\\jx3box-api-sdk\\src\\client\\axios\\service.ts","statementMap":{"0":{"start":{"line":5,"column":18},"end":{"line":8,"column":4}},"1":{"start":{"line":11,"column":2},"end":{"line":17,"column":4}},"2":{"start":{"line":12,"column":14},"end":{"line":12,"column":20}},"3":{"start":{"line":14,"column":6},"end":{"line":14,"column":25}},"4":{"start":{"line":15,"column":6},"end":{"line":15,"column":35}},"5":{"start":{"line":20,"column":2},"end":{"line":26,"column":4}},"6":{"start":{"line":21,"column":16},"end":{"line":21,"column":24}},"7":{"start":{"line":23,"column":6},"end":{"line":23,"column":25}},"8":{"start":{"line":24,"column":6},"end":{"line":24,"column":35}},"9":{"start":{"line":28,"column":2},"end":{"line":28,"column":17}}},"fnMap":{"0":{"name":"createService","decl":{"start":{"line":3,"column":24},"end":{"line":3,"column":37}},"loc":{"start":{"line":3,"column":55},"end":{"line":29,"column":1}},"line":3},"1":{"name":"(anonymous_1)","decl":{"start":{"line":12,"column":4},"end":{"line":12,"column":5}},"loc":{"start":{"line":12,"column":14},"end":{"line":12,"column":20}},"line":12},"2":{"name":"(anonymous_2)","decl":{"start":{"line":13,"column":4},"end":{"line":13,"column":5}},"loc":{"start":{"line":13,"column":15},"end":{"line":16,"column":5}},"line":13},"3":{"name":"(anonymous_3)","decl":{"start":{"line":21,"column":4},"end":{"line":21,"column":5}},"loc":{"start":{"line":21,"column":16},"end":{"line":21,"column":24}},"line":21},"4":{"name":"(anonymous_4)","decl":{"start":{"line":22,"column":4},"end":{"line":22,"column":5}},"loc":{"start":{"line":22,"column":15},"end":{"line":25,"column":5}},"line":22}},"branchMap":{},"s":{"0":4,"1":4,"2":4,"3":0,"4":0,"5":4,"6":4,"7":0,"8":0,"9":4},"f":{"0":4,"1":4,"2":0,"3":4,"4":0},"b":{},"_coverageSchema":"1a1c01bbd47fc00a2c39e90264f33305004495a9","hash":"27080ac519e07a210786ccf26c63e7f022d3b820"}
,"D:\\MyCode\\jx3box-api-sdk\\src\\client\\axios\\jx3Box\\index.ts": {"path":"D:\\MyCode\\jx3box-api-sdk\\src\\client\\axios\\jx3Box\\index.ts","statementMap":{"0":{"start":{"line":3,"column":14},"end":{"line":3,"column":39}},"1":{"start":{"line":4,"column":16},"end":{"line":4,"column":38}}},"fnMap":{},"branchMap":{},"s":{"0":4,"1":4},"f":{},"b":{},"_coverageSchema":"1a1c01bbd47fc00a2c39e90264f33305004495a9","hash":"3bd3cae292c53b51ba022560ebdf63e9074bccf4"}
,"D:\\MyCode\\jx3box-api-sdk\\src\\client\\buff\\api.ts": {"path":"D:\\MyCode\\jx3box-api-sdk\\src\\client\\buff\\api.ts","statementMap":{"0":{"start":{"line":10,"column":2},"end":{"line":17,"column":4}}},"fnMap":{"0":{"name":"getBuffs","decl":{"start":{"line":6,"column":16},"end":{"line":6,"column":24}},"loc":{"start":{"line":9,"column":43},"end":{"line":18,"column":1}},"line":9}},"branchMap":{"0":{"loc":{"start":{"line":8,"column":2},"end":{"line":8,"column":33}},"type":"default-arg","locations":[{"start":{"line":8,"column":19},"end":{"line":8,"column":33}}],"line":8}},"s":{"0":2},"f":{"0":2},"b":{"0":[2]},"_coverageSchema":"1a1c01bbd47fc00a2c39e90264f33305004495a9","hash":"fc85ca9eefcdbf458cba8f355a6fac8a6da71889"}
,"D:\\MyCode\\jx3box-api-sdk\\src\\client\\buff\\index.ts": {"path":"D:\\MyCode\\jx3box-api-sdk\\src\\client\\buff\\index.ts","statementMap":{"0":{"start":{"line":6,"column":36},"end":{"line":6,"column":45}},"1":{"start":{"line":7,"column":19},"end":{"line":7,"column":49}},"2":{"start":{"line":8,"column":2},"end":{"line":30,"column":3}},"3":{"start":{"line":9,"column":19},"end":{"line":9,"column":31}},"4":{"start":{"line":12,"column":4},"end":{"line":20,"column":5}},"5":{"start":{"line":13,"column":23},"end":{"line":18,"column":7}},"6":{"start":{"line":19,"column":6},"end":{"line":19,"column":32}},"7":{"start":{"line":22,"column":18},"end":{"line":22,"column":29}},"8":{"start":{"line":23,"column":4},"end":{"line":29,"column":5}},"9":{"start":{"line":24,"column":33},"end":{"line":27,"column":7}},"10":{"start":{"line":28,"column":6},"end":{"line":28,"column":56}},"11":{"start":{"line":32,"column":2},"end":{"line":32,"column":16}}},"fnMap":{"0":{"name":"getBuffsMap","decl":{"start":{"line":5,"column":22},"end":{"line":5,"column":33}},"loc":{"start":{"line":5,"column":83},"end":{"line":33,"column":1}},"line":5}},"branchMap":{"0":{"loc":{"start":{"line":12,"column":4},"end":{"line":20,"column":5}},"type":"if","locations":[{"start":{"line":12,"column":4},"end":{"line":20,"column":5}},{"start":{},"end":{}}],"line":12},"1":{"loc":{"start":{"line":23,"column":4},"end":{"line":29,"column":5}},"type":"if","locations":[{"start":{"line":23,"column":4},"end":{"line":29,"column":5}},{"start":{},"end":{}}],"line":23}},"s":{"0":1,"1":1,"2":1,"3":9,"4":9,"5":1,"6":1,"7":9,"8":9,"9":8,"10":8,"11":1},"f":{"0":1},"b":{"0":[1,8],"1":[8,1]},"_coverageSchema":"1a1c01bbd47fc00a2c39e90264f33305004495a9","hash":"f6c202bfae018d10214ead0dd68764eca2e219aa"}
,"D:\\MyCode\\jx3box-api-sdk\\src\\client\\buff\\typed.ts": {"path":"D:\\MyCode\\jx3box-api-sdk\\src\\client\\buff\\typed.ts","statementMap":{},"fnMap":{},"branchMap":{},"s":{},"f":{},"b":{}}
,"D:\\MyCode\\jx3box-api-sdk\\src\\client\\core\\api.ts": {"path":"D:\\MyCode\\jx3box-api-sdk\\src\\client\\core\\api.ts","statementMap":{"0":{"start":{"line":11,"column":45},"end":{"line":14,"column":1}}},"fnMap":{},"branchMap":{},"s":{"0":4},"f":{},"b":{},"_coverageSchema":"1a1c01bbd47fc00a2c39e90264f33305004495a9","hash":"e57c091b0568561f7454cda6a871650a6d3a4dc4"}
,"D:\\MyCode\\jx3box-api-sdk\\src\\client\\core\\constant.ts": {"path":"D:\\MyCode\\jx3box-api-sdk\\src\\client\\core\\constant.ts","statementMap":{"0":{"start":{"line":1,"column":30},"end":{"line":1,"column":55}},"1":{"start":{"line":2,"column":29},"end":{"line":2,"column":53}}},"fnMap":{},"branchMap":{},"s":{"0":3,"1":3},"f":{},"b":{},"_coverageSchema":"1a1c01bbd47fc00a2c39e90264f33305004495a9","hash":"1c772a03729cac114153ba2beea168d646d79aba"}
,"D:\\MyCode\\jx3box-api-sdk\\src\\client\\core\\service.ts": {"path":"D:\\MyCode\\jx3box-api-sdk\\src\\client\\core\\service.ts","statementMap":{"0":{"start":{"line":4,"column":2},"end":{"line":4,"column":48}},"1":{"start":{"line":8,"column":2},"end":{"line":8,"column":49}}},"fnMap":{"0":{"name":"getIconFileLink","decl":{"start":{"line":3,"column":16},"end":{"line":3,"column":31}},"loc":{"start":{"line":3,"column":48},"end":{"line":5,"column":1}},"line":3},"1":{"name":"getXinfaImageLink","decl":{"start":{"line":7,"column":16},"end":{"line":7,"column":33}},"loc":{"start":{"line":7,"column":48},"end":{"line":9,"column":1}},"line":7}},"branchMap":{},"s":{"0":2,"1":1},"f":{"0":2,"1":1},"b":{},"_coverageSchema":"1a1c01bbd47fc00a2c39e90264f33305004495a9","hash":"ee7111e722f80cc33d3bf8af9d90153e32c7489d"}
,"D:\\MyCode\\jx3box-api-sdk\\src\\client\\skill\\api.ts": {"path":"D:\\MyCode\\jx3box-api-sdk\\src\\client\\skill\\api.ts","statementMap":{"0":{"start":{"line":9,"column":2},"end":{"line":16,"column":4}}},"fnMap":{"0":{"name":"getSkills","decl":{"start":{"line":5,"column":16},"end":{"line":5,"column":25}},"loc":{"start":{"line":8,"column":43},"end":{"line":17,"column":1}},"line":8}},"branchMap":{"0":{"loc":{"start":{"line":7,"column":2},"end":{"line":7,"column":33}},"type":"default-arg","locations":[{"start":{"line":7,"column":19},"end":{"line":7,"column":33}}],"line":7}},"s":{"0":2},"f":{"0":2},"b":{"0":[2]},"_coverageSchema":"1a1c01bbd47fc00a2c39e90264f33305004495a9","hash":"318d7301622465bffbe2c308017ba790446036c9"}
,"D:\\MyCode\\jx3box-api-sdk\\src\\client\\skill\\index.ts": {"path":"D:\\MyCode\\jx3box-api-sdk\\src\\client\\skill\\index.ts","statementMap":{"0":{"start":{"line":6,"column":37},"end":{"line":6,"column":46}},"1":{"start":{"line":7,"column":19},"end":{"line":7,"column":50}},"2":{"start":{"line":9,"column":2},"end":{"line":32,"column":3}},"3":{"start":{"line":10,"column":20},"end":{"line":10,"column":33}},"4":{"start":{"line":12,"column":4},"end":{"line":22,"column":5}},"5":{"start":{"line":13,"column":25},"end":{"line":20,"column":7}},"6":{"start":{"line":21,"column":6},"end":{"line":21,"column":34}},"7":{"start":{"line":24,"column":18},"end":{"line":24,"column":29}},"8":{"start":{"line":25,"column":4},"end":{"line":31,"column":5}},"9":{"start":{"line":26,"column":35},"end":{"line":29,"column":7}},"10":{"start":{"line":30,"column":6},"end":{"line":30,"column":58}},"11":{"start":{"line":34,"column":2},"end":{"line":34,"column":16}}},"fnMap":{"0":{"name":"getSkillsMap","decl":{"start":{"line":5,"column":22},"end":{"line":5,"column":34}},"loc":{"start":{"line":5,"column":85},"end":{"line":35,"column":1}},"line":5}},"branchMap":{"0":{"loc":{"start":{"line":12,"column":4},"end":{"line":22,"column":5}},"type":"if","locations":[{"start":{"line":12,"column":4},"end":{"line":22,"column":5}},{"start":{},"end":{}}],"line":12},"1":{"loc":{"start":{"line":25,"column":4},"end":{"line":31,"column":5}},"type":"if","locations":[{"start":{"line":25,"column":4},"end":{"line":31,"column":5}},{"start":{},"end":{}}],"line":25}},"s":{"0":1,"1":1,"2":1,"3":1,"4":1,"5":1,"6":1,"7":1,"8":1,"9":0,"10":0,"11":1},"f":{"0":1},"b":{"0":[1,0],"1":[0,1]},"_coverageSchema":"1a1c01bbd47fc00a2c39e90264f33305004495a9","hash":"ea093939450d91f19ea8d93addb7bbd36c80fbc5"}
,"D:\\MyCode\\jx3box-api-sdk\\src\\client\\skill\\typed.ts": {"path":"D:\\MyCode\\jx3box-api-sdk\\src\\client\\skill\\typed.ts","statementMap":{},"fnMap":{},"branchMap":{},"s":{},"f":{},"b":{}}
,"D:\\MyCode\\jx3box-api-sdk\\src\\client\\xf\\index.ts": {"path":"D:\\MyCode\\jx3box-api-sdk\\src\\client\\xf\\index.ts","statementMap":{"0":{"start":{"line":6,"column":37},"end":{"line":6,"column":46}},"1":{"start":{"line":7,"column":2},"end":{"line":16,"column":3}},"2":{"start":{"line":9,"column":18},"end":{"line":9,"column":27}},"3":{"start":{"line":10,"column":22},"end":{"line":14,"column":5}},"4":{"start":{"line":15,"column":4},"end":{"line":15,"column":23}},"5":{"start":{"line":17,"column":2},"end":{"line":17,"column":16}}},"fnMap":{"0":{"name":"getXFsMap","decl":{"start":{"line":5,"column":16},"end":{"line":5,"column":25}},"loc":{"start":{"line":5,"column":67},"end":{"line":19,"column":1}},"line":5}},"branchMap":{},"s":{"0":1,"1":1,"2":1,"3":1,"4":1,"5":1},"f":{"0":1},"b":{},"_coverageSchema":"1a1c01bbd47fc00a2c39e90264f33305004495a9","hash":"30acf3f60aa0d024c6f6fdb15616a2981fbd51aa"}
,"D:\\MyCode\\jx3box-api-sdk\\src\\client\\xf\\typed.ts": {"path":"D:\\MyCode\\jx3box-api-sdk\\src\\client\\xf\\typed.ts","statementMap":{},"fnMap":{},"branchMap":{},"s":{},"f":{},"b":{}}
,"D:\\MyCode\\jx3box-api-sdk\\src\\server\\index.ts": {"path":"D:\\MyCode\\jx3box-api-sdk\\src\\server\\index.ts","statementMap":{},"fnMap":{},"branchMap":{},"s":{},"f":{},"b":{}}
,"D:\\MyCode\\jx3box-api-sdk\\src\\server\\axios\\service.ts": {"path":"D:\\MyCode\\jx3box-api-sdk\\src\\server\\axios\\service.ts","statementMap":{"0":{"start":{"line":5,"column":18},"end":{"line":8,"column":4}},"1":{"start":{"line":11,"column":2},"end":{"line":17,"column":4}},"2":{"start":{"line":12,"column":14},"end":{"line":12,"column":20}},"3":{"start":{"line":14,"column":6},"end":{"line":14,"column":25}},"4":{"start":{"line":15,"column":6},"end":{"line":15,"column":35}},"5":{"start":{"line":20,"column":2},"end":{"line":26,"column":4}},"6":{"start":{"line":21,"column":16},"end":{"line":21,"column":24}},"7":{"start":{"line":23,"column":6},"end":{"line":23,"column":25}},"8":{"start":{"line":24,"column":6},"end":{"line":24,"column":35}},"9":{"start":{"line":28,"column":2},"end":{"line":28,"column":17}}},"fnMap":{"0":{"name":"createService","decl":{"start":{"line":3,"column":24},"end":{"line":3,"column":37}},"loc":{"start":{"line":3,"column":55},"end":{"line":29,"column":1}},"line":3},"1":{"name":"(anonymous_1)","decl":{"start":{"line":12,"column":4},"end":{"line":12,"column":5}},"loc":{"start":{"line":12,"column":14},"end":{"line":12,"column":20}},"line":12},"2":{"name":"(anonymous_2)","decl":{"start":{"line":13,"column":4},"end":{"line":13,"column":5}},"loc":{"start":{"line":13,"column":15},"end":{"line":16,"column":5}},"line":13},"3":{"name":"(anonymous_3)","decl":{"start":{"line":21,"column":4},"end":{"line":21,"column":5}},"loc":{"start":{"line":21,"column":16},"end":{"line":21,"column":24}},"line":21},"4":{"name":"(anonymous_4)","decl":{"start":{"line":22,"column":4},"end":{"line":22,"column":5}},"loc":{"start":{"line":22,"column":15},"end":{"line":25,"column":5}},"line":22}},"branchMap":{},"s":{"0":4,"1":4,"2":5,"3":0,"4":0,"5":4,"6":5,"7":0,"8":0,"9":4},"f":{"0":4,"1":5,"2":0,"3":5,"4":0},"b":{},"_coverageSchema":"1a1c01bbd47fc00a2c39e90264f33305004495a9","hash":"3a1973f8d7b9efe812ee5570194f18f596447c56"}
,"D:\\MyCode\\jx3box-api-sdk\\src\\server\\axios\\jx3Box\\index.ts": {"path":"D:\\MyCode\\jx3box-api-sdk\\src\\server\\axios\\jx3Box\\index.ts","statementMap":{"0":{"start":{"line":3,"column":14},"end":{"line":3,"column":39}},"1":{"start":{"line":4,"column":16},"end":{"line":4,"column":38}}},"fnMap":{},"branchMap":{},"s":{"0":4,"1":4},"f":{},"b":{},"_coverageSchema":"1a1c01bbd47fc00a2c39e90264f33305004495a9","hash":"73e9b6800d532b00c955469d247d0dc8c233963a"}
,"D:\\MyCode\\jx3box-api-sdk\\src\\server\\buff\\api.ts": {"path":"D:\\MyCode\\jx3box-api-sdk\\src\\server\\buff\\api.ts","statementMap":{"0":{"start":{"line":10,"column":2},"end":{"line":17,"column":4}}},"fnMap":{"0":{"name":"getBuffs","decl":{"start":{"line":6,"column":16},"end":{"line":6,"column":24}},"loc":{"start":{"line":9,"column":43},"end":{"line":18,"column":1}},"line":9}},"branchMap":{"0":{"loc":{"start":{"line":8,"column":2},"end":{"line":8,"column":33}},"type":"default-arg","locations":[{"start":{"line":8,"column":19},"end":{"line":8,"column":33}}],"line":8}},"s":{"0":2},"f":{"0":2},"b":{"0":[2]},"_coverageSchema":"1a1c01bbd47fc00a2c39e90264f33305004495a9","hash":"87767b9ee777b3a453c8427e0bbbb8d1c079d663"}
,"D:\\MyCode\\jx3box-api-sdk\\src\\server\\buff\\index.ts": {"path":"D:\\MyCode\\jx3box-api-sdk\\src\\server\\buff\\index.ts","statementMap":{"0":{"start":{"line":6,"column":36},"end":{"line":6,"column":45}},"1":{"start":{"line":7,"column":19},"end":{"line":7,"column":49}},"2":{"start":{"line":8,"column":2},"end":{"line":30,"column":3}},"3":{"start":{"line":9,"column":19},"end":{"line":9,"column":31}},"4":{"start":{"line":12,"column":4},"end":{"line":20,"column":5}},"5":{"start":{"line":13,"column":23},"end":{"line":18,"column":7}},"6":{"start":{"line":19,"column":6},"end":{"line":19,"column":32}},"7":{"start":{"line":22,"column":18},"end":{"line":22,"column":29}},"8":{"start":{"line":23,"column":4},"end":{"line":29,"column":5}},"9":{"start":{"line":24,"column":33},"end":{"line":27,"column":7}},"10":{"start":{"line":28,"column":6},"end":{"line":28,"column":56}},"11":{"start":{"line":32,"column":2},"end":{"line":32,"column":16}}},"fnMap":{"0":{"name":"getBuffsMap","decl":{"start":{"line":5,"column":22},"end":{"line":5,"column":33}},"loc":{"start":{"line":5,"column":83},"end":{"line":33,"column":1}},"line":5}},"branchMap":{"0":{"loc":{"start":{"line":12,"column":4},"end":{"line":20,"column":5}},"type":"if","locations":[{"start":{"line":12,"column":4},"end":{"line":20,"column":5}},{"start":{},"end":{}}],"line":12},"1":{"loc":{"start":{"line":23,"column":4},"end":{"line":29,"column":5}},"type":"if","locations":[{"start":{"line":23,"column":4},"end":{"line":29,"column":5}},{"start":{},"end":{}}],"line":23}},"s":{"0":1,"1":1,"2":1,"3":9,"4":9,"5":1,"6":1,"7":9,"8":9,"9":8,"10":8,"11":1},"f":{"0":1},"b":{"0":[1,8],"1":[8,1]},"_coverageSchema":"1a1c01bbd47fc00a2c39e90264f33305004495a9","hash":"339f0be9cf2179d9b4c468bee9028131730eda26"}
,"D:\\MyCode\\jx3box-api-sdk\\src\\server\\buff\\typed.ts": {"path":"D:\\MyCode\\jx3box-api-sdk\\src\\server\\buff\\typed.ts","statementMap":{},"fnMap":{},"branchMap":{},"s":{},"f":{},"b":{}}
,"D:\\MyCode\\jx3box-api-sdk\\src\\server\\core\\api.ts": {"path":"D:\\MyCode\\jx3box-api-sdk\\src\\server\\core\\api.ts","statementMap":{"0":{"start":{"line":11,"column":45},"end":{"line":14,"column":1}}},"fnMap":{},"branchMap":{},"s":{"0":4},"f":{},"b":{},"_coverageSchema":"1a1c01bbd47fc00a2c39e90264f33305004495a9","hash":"039d57eef804332214a353ed4bc8765235993af1"}
,"D:\\MyCode\\jx3box-api-sdk\\src\\server\\core\\constant.ts": {"path":"D:\\MyCode\\jx3box-api-sdk\\src\\server\\core\\constant.ts","statementMap":{"0":{"start":{"line":1,"column":30},"end":{"line":1,"column":55}},"1":{"start":{"line":2,"column":29},"end":{"line":2,"column":53}}},"fnMap":{},"branchMap":{},"s":{"0":3,"1":3},"f":{},"b":{},"_coverageSchema":"1a1c01bbd47fc00a2c39e90264f33305004495a9","hash":"1d9523dc591b2cae1c94fab96bbad04ee9c72baf"}
,"D:\\MyCode\\jx3box-api-sdk\\src\\server\\core\\service.ts": {"path":"D:\\MyCode\\jx3box-api-sdk\\src\\server\\core\\service.ts","statementMap":{"0":{"start":{"line":4,"column":2},"end":{"line":4,"column":48}},"1":{"start":{"line":8,"column":2},"end":{"line":8,"column":49}}},"fnMap":{"0":{"name":"getIconFileLink","decl":{"start":{"line":3,"column":16},"end":{"line":3,"column":31}},"loc":{"start":{"line":3,"column":48},"end":{"line":5,"column":1}},"line":3},"1":{"name":"getXinfaImageLink","decl":{"start":{"line":7,"column":16},"end":{"line":7,"column":33}},"loc":{"start":{"line":7,"column":48},"end":{"line":9,"column":1}},"line":7}},"branchMap":{},"s":{"0":3,"1":1},"f":{"0":3,"1":1},"b":{},"_coverageSchema":"1a1c01bbd47fc00a2c39e90264f33305004495a9","hash":"bae1dca13b00aaa93c7ac95e6604e6b94fb9e3c8"}
,"D:\\MyCode\\jx3box-api-sdk\\src\\server\\skill\\api.ts": {"path":"D:\\MyCode\\jx3box-api-sdk\\src\\server\\skill\\api.ts","statementMap":{"0":{"start":{"line":9,"column":2},"end":{"line":16,"column":4}}},"fnMap":{"0":{"name":"getSkills","decl":{"start":{"line":5,"column":16},"end":{"line":5,"column":25}},"loc":{"start":{"line":8,"column":43},"end":{"line":17,"column":1}},"line":8}},"branchMap":{"0":{"loc":{"start":{"line":7,"column":2},"end":{"line":7,"column":33}},"type":"default-arg","locations":[{"start":{"line":7,"column":19},"end":{"line":7,"column":33}}],"line":7}},"s":{"0":3},"f":{"0":3},"b":{"0":[3]},"_coverageSchema":"1a1c01bbd47fc00a2c39e90264f33305004495a9","hash":"bc33f35f25fd3f41778e98f8018d965e230f7e9b"}
,"D:\\MyCode\\jx3box-api-sdk\\src\\server\\skill\\index.ts": {"path":"D:\\MyCode\\jx3box-api-sdk\\src\\server\\skill\\index.ts","statementMap":{"0":{"start":{"line":6,"column":37},"end":{"line":6,"column":46}},"1":{"start":{"line":7,"column":19},"end":{"line":7,"column":50}},"2":{"start":{"line":9,"column":2},"end":{"line":32,"column":3}},"3":{"start":{"line":10,"column":20},"end":{"line":10,"column":33}},"4":{"start":{"line":12,"column":4},"end":{"line":22,"column":5}},"5":{"start":{"line":13,"column":25},"end":{"line":20,"column":7}},"6":{"start":{"line":21,"column":6},"end":{"line":21,"column":34}},"7":{"start":{"line":24,"column":18},"end":{"line":24,"column":29}},"8":{"start":{"line":25,"column":4},"end":{"line":31,"column":5}},"9":{"start":{"line":26,"column":35},"end":{"line":29,"column":7}},"10":{"start":{"line":30,"column":6},"end":{"line":30,"column":58}},"11":{"start":{"line":34,"column":2},"end":{"line":34,"column":16}},"12":{"start":{"line":40,"column":38},"end":{"line":40,"column":47}},"13":{"start":{"line":41,"column":19},"end":{"line":41,"column":50}},"14":{"start":{"line":43,"column":2},"end":{"line":54,"column":3}},"15":{"start":{"line":44,"column":20},"end":{"line":44,"column":33}},"16":{"start":{"line":46,"column":24},"end":{"line":51,"column":5}},"17":{"start":{"line":52,"column":4},"end":{"line":52,"column":32}},"18":{"start":{"line":55,"column":2},"end":{"line":55,"column":22}},"19":{"start":{"line":57,"column":2},"end":{"line":57,"column":16}}},"fnMap":{"0":{"name":"getSkillsMap","decl":{"start":{"line":5,"column":22},"end":{"line":5,"column":34}},"loc":{"start":{"line":5,"column":85},"end":{"line":35,"column":1}},"line":5},"1":{"name":"getTalentsMap","decl":{"start":{"line":39,"column":22},"end":{"line":39,"column":35}},"loc":{"start":{"line":39,"column":87},"end":{"line":58,"column":1}},"line":39}},"branchMap":{"0":{"loc":{"start":{"line":12,"column":4},"end":{"line":22,"column":5}},"type":"if","locations":[{"start":{"line":12,"column":4},"end":{"line":22,"column":5}},{"start":{},"end":{}}],"line":12},"1":{"loc":{"start":{"line":25,"column":4},"end":{"line":31,"column":5}},"type":"if","locations":[{"start":{"line":25,"column":4},"end":{"line":31,"column":5}},{"start":{},"end":{}}],"line":25}},"s":{"0":1,"1":1,"2":1,"3":1,"4":1,"5":1,"6":1,"7":1,"8":1,"9":0,"10":0,"11":1,"12":1,"13":1,"14":1,"15":1,"16":1,"17":1,"18":1,"19":1},"f":{"0":1,"1":1},"b":{"0":[1,0],"1":[0,1]},"_coverageSchema":"1a1c01bbd47fc00a2c39e90264f33305004495a9","hash":"d0c694a4ed46e45a1b814956b351d28d01074fe3"}
,"D:\\MyCode\\jx3box-api-sdk\\src\\server\\skill\\typed.ts": {"path":"D:\\MyCode\\jx3box-api-sdk\\src\\server\\skill\\typed.ts","statementMap":{},"fnMap":{},"branchMap":{},"s":{},"f":{},"b":{}}
,"D:\\MyCode\\jx3box-api-sdk\\src\\server\\xf\\index.ts": {"path":"D:\\MyCode\\jx3box-api-sdk\\src\\server\\xf\\index.ts","statementMap":{"0":{"start":{"line":6,"column":37},"end":{"line":6,"column":46}},"1":{"start":{"line":7,"column":2},"end":{"line":16,"column":3}},"2":{"start":{"line":9,"column":18},"end":{"line":9,"column":27}},"3":{"start":{"line":10,"column":22},"end":{"line":14,"column":5}},"4":{"start":{"line":15,"column":4},"end":{"line":15,"column":23}},"5":{"start":{"line":17,"column":2},"end":{"line":17,"column":16}}},"fnMap":{"0":{"name":"getXFsMap","decl":{"start":{"line":5,"column":16},"end":{"line":5,"column":25}},"loc":{"start":{"line":5,"column":67},"end":{"line":19,"column":1}},"line":5}},"branchMap":{},"s":{"0":1,"1":1,"2":1,"3":1,"4":1,"5":1},"f":{"0":1},"b":{},"_coverageSchema":"1a1c01bbd47fc00a2c39e90264f33305004495a9","hash":"2799af559513de3a63e05bcd4bf57cfb416818b6"}
,"D:\\MyCode\\jx3box-api-sdk\\src\\server\\xf\\typed.ts": {"path":"D:\\MyCode\\jx3box-api-sdk\\src\\server\\xf\\typed.ts","statementMap":{},"fnMap":{},"branchMap":{},"s":{},"f":{},"b":{}}
}
