TN:
SF:src\client\index.ts
FNF:0
FNH:0
LF:0
LH:0
BRF:0
BRH:0
end_of_record
TN:
SF:src\client\axios\service.ts
FN:3,createService
FN:12,(anonymous_1)
FN:13,(anonymous_2)
FN:21,(anonymous_3)
FN:22,(anonymous_4)
FNF:5
FNH:3
FNDA:4,createService
FNDA:4,(anonymous_1)
FNDA:0,(anonymous_2)
FNDA:4,(anonymous_3)
FNDA:0,(anonymous_4)
DA:5,4
DA:11,4
DA:12,4
DA:14,0
DA:15,0
DA:20,4
DA:21,4
DA:23,0
DA:24,0
DA:28,4
LF:10
LH:6
BRF:0
BRH:0
end_of_record
TN:
SF:src\client\axios\jx3Box\index.ts
FNF:0
FNH:0
DA:3,4
DA:4,4
LF:2
LH:2
BRF:0
BRH:0
end_of_record
TN:
SF:src\client\buff\api.ts
FN:6,getBuffs
FNF:1
FNH:1
FNDA:2,getBuffs
DA:10,2
LF:1
LH:1
BRDA:8,0,0,2
BRF:1
BRH:1
end_of_record
TN:
SF:src\client\buff\index.ts
FN:5,getBuffsMap
FNF:1
FNH:1
FNDA:1,getBuffsMap
DA:6,1
DA:7,1
DA:8,1
DA:9,9
DA:12,9
DA:13,1
DA:19,1
DA:22,9
DA:23,9
DA:24,8
DA:28,8
DA:32,1
LF:12
LH:12
BRDA:12,0,0,1
BRDA:12,0,1,8
BRDA:23,1,0,8
BRDA:23,1,1,1
BRF:4
BRH:4
end_of_record
TN:
SF:src\client\buff\typed.ts
FNF:0
FNH:0
LF:0
LH:0
BRF:0
BRH:0
end_of_record
TN:
SF:src\client\core\api.ts
FNF:0
FNH:0
DA:11,4
LF:1
LH:1
BRF:0
BRH:0
end_of_record
TN:
SF:src\client\core\constant.ts
FNF:0
FNH:0
DA:1,3
DA:2,3
LF:2
LH:2
BRF:0
BRH:0
end_of_record
TN:
SF:src\client\core\service.ts
FN:3,getIconFileLink
FN:7,getXinfaImageLink
FNF:2
FNH:2
FNDA:2,getIconFileLink
FNDA:1,getXinfaImageLink
DA:4,2
DA:8,1
LF:2
LH:2
BRF:0
BRH:0
end_of_record
TN:
SF:src\client\skill\api.ts
FN:5,getSkills
FNF:1
FNH:1
FNDA:2,getSkills
DA:9,2
LF:1
LH:1
BRDA:7,0,0,2
BRF:1
BRH:1
end_of_record
TN:
SF:src\client\skill\index.ts
FN:5,getSkillsMap
FNF:1
FNH:1
FNDA:1,getSkillsMap
DA:6,1
DA:7,1
DA:9,1
DA:10,1
DA:12,1
DA:13,1
DA:21,1
DA:24,1
DA:25,1
DA:26,0
DA:30,0
DA:34,1
LF:12
LH:10
BRDA:12,0,0,1
BRDA:12,0,1,0
BRDA:25,1,0,0
BRDA:25,1,1,1
BRF:4
BRH:2
end_of_record
TN:
SF:src\client\skill\typed.ts
FNF:0
FNH:0
LF:0
LH:0
BRF:0
BRH:0
end_of_record
TN:
SF:src\client\xf\index.ts
FN:5,getXFsMap
FNF:1
FNH:1
FNDA:1,getXFsMap
DA:6,1
DA:7,1
DA:9,1
DA:10,1
DA:15,1
DA:17,1
LF:6
LH:6
BRF:0
BRH:0
end_of_record
TN:
SF:src\client\xf\typed.ts
FNF:0
FNH:0
LF:0
LH:0
BRF:0
BRH:0
end_of_record
TN:
SF:src\server\index.ts
FNF:0
FNH:0
LF:0
LH:0
BRF:0
BRH:0
end_of_record
TN:
SF:src\server\axios\service.ts
FN:3,createService
FN:12,(anonymous_1)
FN:13,(anonymous_2)
FN:21,(anonymous_3)
FN:22,(anonymous_4)
FNF:5
FNH:3
FNDA:4,createService
FNDA:5,(anonymous_1)
FNDA:0,(anonymous_2)
FNDA:5,(anonymous_3)
FNDA:0,(anonymous_4)
DA:5,4
DA:11,4
DA:12,5
DA:14,0
DA:15,0
DA:20,4
DA:21,5
DA:23,0
DA:24,0
DA:28,4
LF:10
LH:6
BRF:0
BRH:0
end_of_record
TN:
SF:src\server\axios\jx3Box\index.ts
FNF:0
FNH:0
DA:3,4
DA:4,4
LF:2
LH:2
BRF:0
BRH:0
end_of_record
TN:
SF:src\server\buff\api.ts
FN:6,getBuffs
FNF:1
FNH:1
FNDA:2,getBuffs
DA:10,2
LF:1
LH:1
BRDA:8,0,0,2
BRF:1
BRH:1
end_of_record
TN:
SF:src\server\buff\index.ts
FN:5,getBuffsMap
FNF:1
FNH:1
FNDA:1,getBuffsMap
DA:6,1
DA:7,1
DA:8,1
DA:9,9
DA:12,9
DA:13,1
DA:19,1
DA:22,9
DA:23,9
DA:24,8
DA:28,8
DA:32,1
LF:12
LH:12
BRDA:12,0,0,1
BRDA:12,0,1,8
BRDA:23,1,0,8
BRDA:23,1,1,1
BRF:4
BRH:4
end_of_record
TN:
SF:src\server\buff\typed.ts
FNF:0
FNH:0
LF:0
LH:0
BRF:0
BRH:0
end_of_record
TN:
SF:src\server\core\api.ts
FNF:0
FNH:0
DA:11,4
LF:1
LH:1
BRF:0
BRH:0
end_of_record
TN:
SF:src\server\core\constant.ts
FNF:0
FNH:0
DA:1,3
DA:2,3
LF:2
LH:2
BRF:0
BRH:0
end_of_record
TN:
SF:src\server\core\service.ts
FN:3,getIconFileLink
FN:7,getXinfaImageLink
FNF:2
FNH:2
FNDA:3,getIconFileLink
FNDA:1,getXinfaImageLink
DA:4,3
DA:8,1
LF:2
LH:2
BRF:0
BRH:0
end_of_record
TN:
SF:src\server\skill\api.ts
FN:5,getSkills
FNF:1
FNH:1
FNDA:3,getSkills
DA:9,3
LF:1
LH:1
BRDA:7,0,0,3
BRF:1
BRH:1
end_of_record
TN:
SF:src\server\skill\index.ts
FN:5,getSkillsMap
FN:39,getTalentsMap
FNF:2
FNH:2
FNDA:1,getSkillsMap
FNDA:1,getTalentsMap
DA:6,1
DA:7,1
DA:9,1
DA:10,1
DA:12,1
DA:13,1
DA:21,1
DA:24,1
DA:25,1
DA:26,0
DA:30,0
DA:34,1
DA:40,1
DA:41,1
DA:43,1
DA:44,1
DA:46,1
DA:52,1
DA:55,1
DA:57,1
LF:20
LH:18
BRDA:12,0,0,1
BRDA:12,0,1,0
BRDA:25,1,0,0
BRDA:25,1,1,1
BRF:4
BRH:2
end_of_record
TN:
SF:src\server\skill\typed.ts
FNF:0
FNH:0
LF:0
LH:0
BRF:0
BRH:0
end_of_record
TN:
SF:src\server\xf\index.ts
FN:5,getXFsMap
FNF:1
FNH:1
FNDA:1,getXFsMap
DA:6,1
DA:7,1
DA:9,1
DA:10,1
DA:15,1
DA:17,1
LF:6
LH:6
BRF:0
BRH:0
end_of_record
TN:
SF:src\server\xf\typed.ts
FNF:0
FNH:0
LF:0
LH:0
BRF:0
BRH:0
end_of_record
